Unity Editor version:    2020.3.45f1 (660cd1701bd5)
Branch:                  2020.3/staging
Build type:              Release
Batch mode:              YES
macOS version:           Version 13.2.1 (Build 22D68)
Darwin version:          22.3.0
Architecture:            x86_64
Running under Rosetta:   YES
Available memory:        32768 MB
Using pre-set license
Pro License: NO

COMMAND LINE ARGUMENTS:
/Applications/Unity/Hub/Editor/2020.3.45f1/Unity.app/Contents/MacOS/Unity
-adb2
-batchMode
-noUpm
-name
AssetImportWorker0
-projectPath
/Users/zoezhang/Desktop/leapmotion
-logFile
Logs/AssetImportWorker0.log
-srvPort
61790
Successfully changed project path to: /Users/zoezhang/Desktop/leapmotion
/Users/zoezhang/Desktop/leapmotion
Using Asset Import Pipeline V2.
Player connection [8716804800] Host "[IP] 192.168.0.203 [Port] 0 [Flags] 2 [Guid] 1631568775 [EditorId] 1631568775 [Version] 1048832 [Id] OSXEditor(0,Zoes-MBP.askey.com) [Debug] 1 [PackageName] OSXEditor [ProjectName] Editor" joined multi-casting on [225.0.0.222:54997]...

Player connection [8716804800] Host "[IP] 192.168.0.203 [Port] 0 [Flags] 2 [Guid] 1631568775 [EditorId] 1631568775 [Version] 1048832 [Id] OSXEditor(0,Zoes-MBP.askey.com) [Debug] 1 [PackageName] OSXEditor [ProjectName] Editor" joined alternative multi-casting on [225.0.0.222:34997]...

Refreshing native plugins compatible for Editor in 34.72 ms, found 3 plugins.
Preloading 0 native plugins for Editor in 0.00 ms.
Initialize engine version: 2020.3.45f1 (660cd1701bd5)
[Subsystems] Discovering subsystems at path /Applications/Unity/Hub/Editor/2020.3.45f1/Unity.app/Contents/Resources/UnitySubsystems
[Subsystems] Discovering subsystems at path /Users/zoezhang/Desktop/leapmotion/Assets
GfxDevice: creating device client; threaded=0
2023-03-15 01:01:44.967 Unity[57279:3886532] (null) preferred device: Apple M2 Max (high power)
2023-03-15 01:01:44.967 Unity[57279:3886532] Metal devices available: 1
2023-03-15 01:01:44.967 Unity[57279:3886532] 0: Apple M2 Max (high power)
2023-03-15 01:01:44.967 Unity[57279:3886532] Using device Apple M2 Max (high power)
Initializing Metal device caps: Apple M2 Max
Initialize mono
Mono path[0] = '/Applications/Unity/Hub/Editor/2020.3.45f1/Unity.app/Contents/Managed'
Mono path[1] = '/Applications/Unity/Hub/Editor/2020.3.45f1/Unity.app/Contents/MonoBleedingEdge/lib/mono/unityjit'
Mono config path = '/Applications/Unity/Hub/Editor/2020.3.45f1/Unity.app/Contents/MonoBleedingEdge/etc'
Using monoOptions --debugger-agent=transport=dt_socket,embedding=1,server=y,suspend=n,address=127.0.0.1:56279
Begin MonoManager ReloadAssembly
Registering precompiled unity dll's ...
Register platform support module: /Applications/Unity/Hub/Editor/2020.3.45f1/PlaybackEngines/WebGLSupport/UnityEditor.WebGL.Extensions.dll
Register platform support module: /Applications/Unity/Hub/Editor/2020.3.45f1/Unity.app/Contents/PlaybackEngines/MacStandaloneSupport/UnityEditor.OSXStandalone.Extensions.dll
Register platform support module: /Applications/Unity/Hub/Editor/2020.3.45f1/PlaybackEngines/WindowsStandaloneSupport/UnityEditor.WindowsStandalone.Extensions.dll
Registered in 0.001585 seconds.
Native extension for WindowsStandalone target not found
Native extension for OSXStandalone target not found
Native extension for WebGL target not found
Refreshing native plugins compatible for Editor in 31.16 ms, found 3 plugins.
Preloading 0 native plugins for Editor in 0.00 ms.
Mono: successfully reloaded assembly
- Completed reload, in  1.009 seconds
Domain Reload Profiling:
	ReloadAssembly (1010ms)
		BeginReloadAssembly (72ms)
			ExecutionOrderSort (0ms)
			DisableScriptedObjects (0ms)
			BackupInstance (0ms)
			ReleaseScriptingObjects (0ms)
			CreateAndSetChildDomain (2ms)
		EndReloadAssembly (860ms)
			LoadAssemblies (71ms)
			RebuildTransferFunctionScriptingTraits (0ms)
			SetupTypeCache (110ms)
			ReleaseScriptCaches (0ms)
			RebuildScriptCaches (25ms)
			SetupLoadedEditorAssemblies (486ms)
				LogAssemblyErrors (0ms)
				InitializePlatformSupportModulesInManaged (12ms)
				SetLoadedEditorAssemblies (1ms)
				RefreshPlugins (31ms)
				BeforeProcessingInitializeOnLoad (24ms)
				ProcessInitializeOnLoadAttributes (312ms)
				ProcessInitializeOnLoadMethodAttributes (105ms)
				AfterProcessingInitializeOnLoad (0ms)
				EditorAssembliesLoaded (1ms)
			ExecutionOrderSort2 (0ms)
			AwakeInstancesAfterBackupRestoration (0ms)
Platform modules already initialized, skipping
Registering precompiled user dll's ...
Registered in 0.003238 seconds.
Begin MonoManager ReloadAssembly
Symbol file LoadedFromMemory doesn't match image /Users/zoezhang/Desktop/leapmotion/Library/PackageCache/com.unity.collab-proxy@1.15.15/Lib/Editor/PlasticSCM/unityplastic.dll
Native extension for WindowsStandalone target not found
Native extension for OSXStandalone target not found
Native extension for WebGL target not found
Refreshing native plugins compatible for Editor in 0.48 ms, found 3 plugins.
Preloading 0 native plugins for Editor in 0.00 ms.
Unity 2020 LTS will be the last version of the editor which supports Magic Leap 1. Developers can continue to build for Magic Leap 1 using Unity 2020 LTS or 2019 LTS.
UnityEngine.StackTraceUtility:ExtractStackTrace () (at /Users/bokken/build/output/unity/unity/Runtime/Export/Scripting/StackTrace.cs:37)
UnityEngine.DebugLogHandler:LogFormat (UnityEngine.LogType,UnityEngine.Object,string,object[])
UnityEngine.Logger:Log (UnityEngine.LogType,object)
UnityEngine.Debug:LogWarning (object)
UnityEditor.XR.MagicLeap.XRPackage:.cctor () (at Library/PackageCache/com.unity.xr.magicleap@6.4.1/Editor/MagicLeapPackageMetadata.cs:27)
System.Reflection.MonoCMethod:InternalInvoke (object,object[])
System.RuntimeType:CreateInstanceMono (bool)
System.RuntimeType:CreateInstanceSlow (bool,bool,bool,System.Threading.StackCrawlMark&)
System.RuntimeType:CreateInstanceDefaultCtor (bool,bool,bool,System.Threading.StackCrawlMark&)
System.Activator:CreateInstance (System.Type,bool)
System.Activator:CreateInstance (System.Type)
UnityEditor.XR.Management.XRPackageInitializationBootstrap:BeginPackageInitialization () (at Library/PackageCache/com.unity.xr.management@4.0.7/Editor/XRPackageInitialization.cs:81)
UnityEditor.XR.Management.XRPackageInitializationBootstrap:.cctor () (at Library/PackageCache/com.unity.xr.management@4.0.7/Editor/XRPackageInitialization.cs:50)
System.Runtime.CompilerServices.RuntimeHelpers:RunClassConstructor (System.RuntimeTypeHandle)
UnityEditor.EditorAssemblies:ProcessInitializeOnLoadAttributes (System.Type[]) (at /Users/bokken/build/output/unity/unity/Editor/Mono/EditorAssemblies.cs:134)

(Filename: Library/PackageCache/com.unity.xr.magicleap@6.4.1/Editor/MagicLeapPackageMetadata.cs Line: 27)

CreateSerializedAsset is not supported while importing out-of-process
UnityEngine.StackTraceUtility:ExtractStackTrace () (at /Users/bokken/build/output/unity/unity/Runtime/Export/Scripting/StackTrace.cs:37)
UnityEditor.XR.Management.EditorUtilities:CreateScriptableObjectInstance (string,string) (at Library/PackageCache/com.unity.xr.management@4.0.7/Editor/EditorUtilities.cs:102)
UnityEditor.XR.Management.XRPackageInitializationBootstrap:InitializeLoaderFromMetadata (string,System.Collections.Generic.List`1<UnityEditor.XR.Management.Metadata.IXRLoaderMetadata>) (at Library/PackageCache/com.unity.xr.management@4.0.7/Editor/XRPackageInitialization.cs:152)
UnityEditor.XR.Management.XRPackageInitializationBootstrap:InitializePackageFromMetadata (UnityEditor.XR.Management.Metadata.IXRPackage,UnityEditor.XR.Management.Metadata.IXRPackageMetadata) (at Library/PackageCache/com.unity.xr.management@4.0.7/Editor/XRPackageInitialization.cs:129)
UnityEditor.XR.Management.XRPackageInitializationBootstrap:InitPackage (UnityEditor.XR.Management.Metadata.IXRPackage) (at Library/PackageCache/com.unity.xr.management@4.0.7/Editor/XRPackageInitialization.cs:118)
UnityEditor.XR.Management.XRPackageInitializationBootstrap:BeginPackageInitialization () (at Library/PackageCache/com.unity.xr.management@4.0.7/Editor/XRPackageInitialization.cs:87)
UnityEditor.XR.Management.XRPackageInitializationBootstrap:.cctor () (at Library/PackageCache/com.unity.xr.management@4.0.7/Editor/XRPackageInitialization.cs:50)
System.Runtime.CompilerServices.RuntimeHelpers:RunClassConstructor (System.RuntimeTypeHandle)
UnityEditor.EditorAssemblies:ProcessInitializeOnLoadAttributes (System.Type[]) (at /Users/bokken/build/output/unity/unity/Editor/Mono/EditorAssemblies.cs:134)

[Library/PackageCache/com.unity.xr.management@4.0.7/Editor/EditorUtilities.cs line 102]

UnityEngine.UnityException: Creating asset at path Assets/XR/Loaders/Magic Leap Loader.asset failed.
  at (wrapper managed-to-native) UnityEditor.AssetDatabase.CreateAsset(UnityEngine.Object,string)
  at UnityEditor.XR.Management.EditorUtilities.CreateScriptableObjectInstance (System.String typeName, System.String path) [0x00031] in /Users/zoezhang/Desktop/leapmotion/Library/PackageCache/com.unity.xr.management@4.0.7/Editor/EditorUtilities.cs:102 
  at UnityEditor.XR.Management.XRPackageInitializationBootstrap.InitializeLoaderFromMetadata (System.String packageName, System.Collections.Generic.List`1[T] loaderMetadatas) [0x0004e] in /Users/zoezhang/Desktop/leapmotion/Library/PackageCache/com.unity.xr.management@4.0.7/Editor/XRPackageInitialization.cs:152 
  at UnityEditor.XR.Management.XRPackageInitializationBootstrap.InitializePackageFromMetadata (UnityEditor.XR.Management.Metadata.IXRPackage package, UnityEditor.XR.Management.Metadata.IXRPackageMetadata packageMetadata) [0x00001] in /Users/zoezhang/Desktop/leapmotion/Library/PackageCache/com.unity.xr.management@4.0.7/Editor/XRPackageInitialization.cs:129 
  at UnityEditor.XR.Management.XRPackageInitializationBootstrap.InitPackage (UnityEditor.XR.Management.Metadata.IXRPackage package) [0x00030] in /Users/zoezhang/Desktop/leapmotion/Library/PackageCache/com.unity.xr.management@4.0.7/Editor/XRPackageInitialization.cs:118 
  at UnityEditor.XR.Management.XRPackageInitializationBootstrap.BeginPackageInitialization () [0x0008f] in /Users/zoezhang/Desktop/leapmotion/Library/PackageCache/com.unity.xr.management@4.0.7/Editor/XRPackageInitialization.cs:87 
  at UnityEditor.XR.Management.XRPackageInitializationBootstrap..cctor () [0x00030] in /Users/zoezhang/Desktop/leapmotion/Library/PackageCache/com.unity.xr.management@4.0.7/Editor/XRPackageInitialization.cs:50 
UnityEngine.StackTraceUtility:ExtractStackTrace () (at /Users/bokken/build/output/unity/unity/Runtime/Export/Scripting/StackTrace.cs:37)
UnityEngine.DebugLogHandler:LogFormat (UnityEngine.LogType,UnityEngine.Object,string,object[])
UnityEngine.Logger:Log (UnityEngine.LogType,object)
UnityEngine.Debug:LogError (object)
UnityEditor.EditorAssemblies:ProcessInitializeOnLoadAttributes (System.Type[]) (at /Users/bokken/build/output/unity/unity/Editor/Mono/EditorAssemblies.cs:138)

(Filename: /Users/bokken/build/output/unity/unity/Editor/Mono/EditorAssemblies.cs Line: 138)

Mono: successfully reloaded assembly
- Completed reload, in  1.845 seconds
Domain Reload Profiling:
	ReloadAssembly (1846ms)
		BeginReloadAssembly (189ms)
			ExecutionOrderSort (0ms)
			DisableScriptedObjects (30ms)
			BackupInstance (0ms)
			ReleaseScriptingObjects (0ms)
			CreateAndSetChildDomain (24ms)
		EndReloadAssembly (1590ms)
			LoadAssemblies (166ms)
			RebuildTransferFunctionScriptingTraits (0ms)
			SetupTypeCache (225ms)
			ReleaseScriptCaches (2ms)
			RebuildScriptCaches (39ms)
			SetupLoadedEditorAssemblies (977ms)
				LogAssemblyErrors (0ms)
				InitializePlatformSupportModulesInManaged (15ms)
				SetLoadedEditorAssemblies (1ms)
				RefreshPlugins (0ms)
				BeforeProcessingInitializeOnLoad (98ms)
				ProcessInitializeOnLoadAttributes (813ms)
				ProcessInitializeOnLoadMethodAttributes (49ms)
				AfterProcessingInitializeOnLoad (1ms)
				EditorAssembliesLoaded (0ms)
			ExecutionOrderSort2 (0ms)
			AwakeInstancesAfterBackupRestoration (4ms)
Platform modules already initialized, skipping
Validating Project structure ... 0.004935 seconds.
Shader import version has changed; will reimport all shaders...
Upgrading shader files ...0.008245 seconds.
Application.AssetDatabase Initial Script Refresh Start
RefreshInfo: InitialScriptRefreshV2(NoUpdateAssetOptions) scanfilter:  ... 1 filters
RefreshProfiler: Total: 0.000ms
Application.AssetDatabase Initial Script Refresh End
Application.AssetDatabase.Refresh Start
Application.AssetDatabase.Refresh End
RefreshInfo: StopAssetImportingV2(ForceSynchronousImport) scanfilter: 
RefreshProfiler: Total: 0.000ms
Launching external process: /Applications/Unity/Hub/Editor/2020.3.45f1/Unity.app/Contents/Tools/UnityShaderCompiler
Launched and connected shader compiler UnityShaderCompiler after 0.03 seconds
Initializing Unity extensions:
[C# Project] Writing /Users/zoezhang/Desktop/leapmotion/leapmotion.sln because it has changed
[C# Project] First difference on line 4

[C# Project] Current /Users/zoezhang/Desktop/leapmotion/leapmotion.sln:
[C# Project]   004: Project("{FAE04EC0-301F-11D3-BF4B-00C04F79EFBC}") = "Ultraleap.Tracking.InteractionEngine", "Ultraleap.Tracking.InteractionEngine.csproj", "{51380993-062C-3D11-341C-FF638625F0E9}"
[C# Project]   005: EndProject
[C# Project]   006: Project("{FAE04EC0-301F-11D3-BF4B-00C04F79EFBC}") = "Assembly-CSharp", "Assembly-CSharp.csproj", "{355C8251-B2F0-D510-0363-4B182BD5C220}"
[C# Project]   007: EndProject
[C# Project]   008: Project("{FAE04EC0-301F-11D3-BF4B-00C04F79EFBC}") = "Ultraleap.Tracking.Core", "Ultraleap.Tracking.Core.csproj", "{E7B748C4-4482-4356-9BC5-3E338BEFA54D}"

[C# Project] New /Users/zoezhang/Desktop/leapmotion/leapmotion.sln:
[C# Project]   004: Project("{FAE04EC0-301F-11D3-BF4B-00C04F79EFBC}") = "UnityEngine.UI", "UnityEngine.UI.csproj", "{E4CA323D-0C33-F3B8-215A-7DA193D608EB}"
[C# Project]   005: EndProject
[C# Project]   006: Project("{FAE04EC0-301F-11D3-BF4B-00C04F79EFBC}") = "UnityEngine.SpatialTracking", "UnityEngine.SpatialTracking.csproj", "{EAC268C6-935D-3241-1B3A-8CA8E28EEB6D}"
[C# Project]   007: EndProject
[C# Project]   008: Project("{FAE04EC0-301F-11D3-BF4B-00C04F79EFBC}") = "Ultraleap.Tracking.InteractionEngine", "Ultraleap.Tracking.InteractionEngine.csproj", "{51380993-062C-3D11-341C-FF638625F0E9}"
[C# Project] Writing /Users/zoezhang/Desktop/leapmotion/Ultraleap.Tracking.InteractionEngine.csproj because it has changed
[C# Project] First difference on line 323

[C# Project] Current /Users/zoezhang/Desktop/leapmotion/Ultraleap.Tracking.InteractionEngine.csproj:
[C# Project]   323:  <Reference Include="UnityEditor.Android.Extensions">
[C# Project]   324:  <HintPath>/Applications/Unity/Hub/Editor/2020.3.45f1/PlaybackEngines/AndroidPlayer/UnityEditor.Android.Extensions.dll</HintPath>
[C# Project]   325:  </Reference>
[C# Project]   326:  <Reference Include="UnityEditor.iOS.Extensions">
[C# Project]   327:  <HintPath>/Applications/Unity/Hub/Editor/2020.3.45f1/PlaybackEngines/iOSSupport/UnityEditor.iOS.Extensions.dll</HintPath>

[C# Project] New /Users/zoezhang/Desktop/leapmotion/Ultraleap.Tracking.InteractionEngine.csproj:
[C# Project]   323:  <Reference Include="UnityEditor.WindowsStandalone.Extensions">
[C# Project]   324:  <HintPath>/Applications/Unity/Hub/Editor/2020.3.45f1/PlaybackEngines/WindowsStandaloneSupport/UnityEditor.WindowsStandalone.Extensions.dll</HintPath>
[C# Project]   325:  </Reference>
[C# Project]   326:  <Reference Include="Unity.Plastic.Newtonsoft.Json">
[C# Project]   327:  <HintPath>/Users/zoezhang/Desktop/leapmotion/Library/PackageCache/com.unity.collab-proxy@1.15.15/Lib/Editor/PlasticSCM/Unity.Plastic.Newtonsoft.Json.dll</HintPath>
[C# Project] Writing /Users/zoezhang/Desktop/leapmotion/Assembly-CSharp.csproj because it has changed
[C# Project] First difference on line 323

[C# Project] Current /Users/zoezhang/Desktop/leapmotion/Assembly-CSharp.csproj:
[C# Project]   323:  <Reference Include="UnityEditor.iOS.Extensions.Xcode">
[C# Project]   324:  <HintPath>/Applications/Unity/Hub/Editor/2020.3.45f1/PlaybackEngines/iOSSupport/UnityEditor.iOS.Extensions.Xcode.dll</HintPath>
[C# Project]   325:  </Reference>
[C# Project]   326:  <Reference Include="UnityEditor.iOS.Extensions.Common">
[C# Project]   327:  <HintPath>/Applications/Unity/Hub/Editor/2020.3.45f1/PlaybackEngines/iOSSupport/UnityEditor.iOS.Extensions.Common.dll</HintPath>

[C# Project] New /Users/zoezhang/Desktop/leapmotion/Assembly-CSharp.csproj:
[C# Project]   323:  <Reference Include="netstandard">
[C# Project]   324:  <HintPath>/Applications/Unity/Hub/Editor/2020.3.45f1/Unity.app/Contents/NetStandard/ref/2.0.0/netstandard.dll</HintPath>
[C# Project]   325:  </Reference>
[C# Project]   326:  <Reference Include="Microsoft.Win32.Primitives">
[C# Project]   327:  <HintPath>/Applications/Unity/Hub/Editor/2020.3.45f1/Unity.app/Contents/NetStandard/compat/2.0.0/shims/netstandard/Microsoft.Win32.Primitives.dll</HintPath>
[C# Project] Writing /Users/zoezhang/Desktop/leapmotion/Ultraleap.Tracking.Core.csproj because it has changed
[C# Project] First difference on line 27

[C# Project] Current /Users/zoezhang/Desktop/leapmotion/Ultraleap.Tracking.Core.csproj:
[C# Project]   027:     <DefineConstants>DEBUG;TRACE;UNITY_2020_3_45;UNITY_2020_3;UNITY_2020;UNITY_5_3_OR_NEWER;UNITY_5_4_OR_NEWER;UNITY_5_5_OR_NEWER;UNITY_5_6_OR_NEWER;UNITY_2017_1_OR_NEWER;UNITY_2017_2_OR_NEWER;UNITY_2017_3_OR_NEWER;UNITY_2017_4_OR_NEWER;UNITY_2018_1_OR_NEWER;UNITY_2018_2_OR_NEWER;UNITY_2018_3_OR_NEWER;UNITY_2018_4_OR_NEWER;UNITY_2019_1_OR_NEWER;UNITY_2019_2_OR_NEWER;UNITY_2019_3_OR_NEWER;UNITY_2019_4_OR_NEWER;UNITY_2020_1_OR_NEWER;UNITY_2020_2_OR_NEWER;UNITY_2020_3_OR_NEWER;PLATFORM_ARCH_64;UNITY_64;UNITY_INCLUDE_TESTS;ENABLE_AR;ENABLE_AUDIO;ENABLE_CACHING;ENABLE_CLOTH;ENABLE_EVENT_QUEUE;ENABLE_MICROPHONE;ENABLE_MULTIPLE_DISPLAYS;ENABLE_PHYSICS;ENABLE_TEXTURE_STREAMING;ENABLE_VIRTUALTEXTURING;ENABLE_UNET;ENABLE_LZMA;ENABLE_UNITYEVENTS;ENABLE_VR;ENABLE_WEBCAM;ENABLE_UNITYWEBREQUEST;ENABLE_WWW;ENABLE_CLOUD_SERVICES;ENABLE_CLOUD_SERVICES_COLLAB;ENABLE_CLOUD_SERVICES_COLLAB_SOFTLOCKS;ENABLE_CLOUD_SERVICES_ADS;ENABLE_CLOUD_SERVICES_USE_WEBREQUEST;ENABLE_CLOUD_SERVICES_CRASH_REPORTING;ENABLE_CLOUD_SERVICES_PURCHASING;ENABLE_CLOUD_SERVICES_ANALYTICS;ENABLE_CLOUD_SERVICES_UNET;ENABLE_CLOUD_SERVICES_BUILD;ENABLE_CLOUD_LICENSE;ENABLE_EDITOR_HUB_LICENSE;ENABLE_WEBSOCKET_CLIENT;ENABLE_DIRECTOR_AUDIO;ENABLE_DIRECTOR_TEXTURE;ENABLE_MANAGED_JOBS;ENABLE_MANAGED_TRANSFORM_JOBS;ENABLE_MANAGED_ANIMATION_JOBS;ENABLE_MANAGED_AUDIO_JOBS;ENABLE_MANAGED_UNITYTLS;INCLUDE_DYNAMIC_GI;ENABLE_MONO_BDWGC;ENABLE_SCRIPTING_GC_WBARRIERS;PLATFORM_SUPPORTS_MONO;RENDER_SOFTWARE_CURSOR;ENABLE_VIDEO;PLATFORM_STANDALONE;PLATFORM_STANDALONE_WIN;UNITY_STANDALONE_WIN;UNITY_STANDALONE;ENABLE_RUNTIME_GI;ENABLE_MOVIES;ENABLE_NETWORK;ENABLE_CRUNCH_TEXTURE_COMPRESSION;ENABLE_UNITY_GAME_SERVICES_ANALYTICS_SUPPORT;ENABLE_OUT_OF_PROCESS_CRASH_HANDLER;ENABLE_CLUSTER_SYNC;ENABLE_CLUSTERINPUT;PLATFORM_UPDATES_TIME_OUTSIDE_OF_PLAYER_LOOP;GFXDEVICE_WAITFOREVENT_MESSAGEPUMP;ENABLE_WEBSOCKET_HOST;ENABLE_MONO;NET_STANDARD_2_0;ENABLE_PROFILER;UNITY_ASSERTIONS;UNITY_EDITOR;UNITY_EDITOR_64;UNITY_EDITOR_OSX;ENABLE_UNITY_COLLECTIONS_CHECKS;ENABLE_BURST_AOT;UNITY_TEAM_LICENSE;ENABLE_CUSTOM_RENDER_TEXTURE;ENABLE_DIRECTOR;ENABLE_LOCALIZATION;ENABLE_SPRITES;ENABLE_TERRAIN;ENABLE_TILEMAP;ENABLE_TIMELINE;ENABLE_LEGACY_INPUT_MANAGER;XR_MANAGEMENT_AVAILABLE;CSHARP_7_OR_LATER;CSHARP_7_3_OR_NEWER</DefineConstants>
[C# Project]   028:     <ErrorReport>prompt</ErrorReport>
[C# Project]   029:     <WarningLevel>4</WarningLevel>
[C# Project]   030:     <NoWarn>0169</NoWarn>
[C# Project]   031:     <AllowUnsafeBlocks>True</AllowUnsafeBlocks>

[C# Project] New /Users/zoezhang/Desktop/leapmotion/Ultraleap.Tracking.Core.csproj:
[C# Project]   027:     <DefineConstants>DEBUG;TRACE;UNITY_2020_3_45;UNITY_2020_3;UNITY_2020;UNITY_5_3_OR_NEWER;UNITY_5_4_OR_NEWER;UNITY_5_5_OR_NEWER;UNITY_5_6_OR_NEWER;UNITY_2017_1_OR_NEWER;UNITY_2017_2_OR_NEWER;UNITY_2017_3_OR_NEWER;UNITY_2017_4_OR_NEWER;UNITY_2018_1_OR_NEWER;UNITY_2018_2_OR_NEWER;UNITY_2018_3_OR_NEWER;UNITY_2018_4_OR_NEWER;UNITY_2019_1_OR_NEWER;UNITY_2019_2_OR_NEWER;UNITY_2019_3_OR_NEWER;UNITY_2019_4_OR_NEWER;UNITY_2020_1_OR_NEWER;UNITY_2020_2_OR_NEWER;UNITY_2020_3_OR_NEWER;PLATFORM_ARCH_64;UNITY_64;UNITY_INCLUDE_TESTS;ENABLE_AR;ENABLE_AUDIO;ENABLE_CACHING;ENABLE_CLOTH;ENABLE_EVENT_QUEUE;ENABLE_MICROPHONE;ENABLE_MULTIPLE_DISPLAYS;ENABLE_PHYSICS;ENABLE_TEXTURE_STREAMING;ENABLE_VIRTUALTEXTURING;ENABLE_UNET;ENABLE_LZMA;ENABLE_UNITYEVENTS;ENABLE_VR;ENABLE_WEBCAM;ENABLE_UNITYWEBREQUEST;ENABLE_WWW;ENABLE_CLOUD_SERVICES;ENABLE_CLOUD_SERVICES_COLLAB;ENABLE_CLOUD_SERVICES_COLLAB_SOFTLOCKS;ENABLE_CLOUD_SERVICES_ADS;ENABLE_CLOUD_SERVICES_USE_WEBREQUEST;ENABLE_CLOUD_SERVICES_CRASH_REPORTING;ENABLE_CLOUD_SERVICES_PURCHASING;ENABLE_CLOUD_SERVICES_ANALYTICS;ENABLE_CLOUD_SERVICES_UNET;ENABLE_CLOUD_SERVICES_BUILD;ENABLE_CLOUD_LICENSE;ENABLE_EDITOR_HUB_LICENSE;ENABLE_WEBSOCKET_CLIENT;ENABLE_DIRECTOR_AUDIO;ENABLE_DIRECTOR_TEXTURE;ENABLE_MANAGED_JOBS;ENABLE_MANAGED_TRANSFORM_JOBS;ENABLE_MANAGED_ANIMATION_JOBS;ENABLE_MANAGED_AUDIO_JOBS;ENABLE_MANAGED_UNITYTLS;INCLUDE_DYNAMIC_GI;ENABLE_MONO_BDWGC;ENABLE_SCRIPTING_GC_WBARRIERS;PLATFORM_SUPPORTS_MONO;RENDER_SOFTWARE_CURSOR;ENABLE_VIDEO;PLATFORM_STANDALONE;PLATFORM_STANDALONE_WIN;UNITY_STANDALONE_WIN;UNITY_STANDALONE;ENABLE_RUNTIME_GI;ENABLE_MOVIES;ENABLE_NETWORK;ENABLE_CRUNCH_TEXTURE_COMPRESSION;ENABLE_UNITY_GAME_SERVICES_ANALYTICS_SUPPORT;ENABLE_OUT_OF_PROCESS_CRASH_HANDLER;ENABLE_CLUSTER_SYNC;ENABLE_CLUSTERINPUT;PLATFORM_UPDATES_TIME_OUTSIDE_OF_PLAYER_LOOP;GFXDEVICE_WAITFOREVENT_MESSAGEPUMP;ENABLE_WEBSOCKET_HOST;ENABLE_MONO;NET_STANDARD_2_0;ENABLE_PROFILER;UNITY_ASSERTIONS;UNITY_EDITOR;UNITY_EDITOR_64;UNITY_EDITOR_OSX;ENABLE_UNITY_COLLECTIONS_CHECKS;ENABLE_BURST_AOT;UNITY_TEAM_LICENSE;ENABLE_CUSTOM_RENDER_TEXTURE;ENABLE_DIRECTOR;ENABLE_LOCALIZATION;ENABLE_SPRITES;ENABLE_TERRAIN;ENABLE_TILEMAP;ENABLE_TIMELINE;ENABLE_LEGACY_INPUT_MANAGER;CSHARP_7_OR_LATER;CSHARP_7_3_OR_NEWER</DefineConstants>
[C# Project]   028:     <ErrorReport>prompt</ErrorReport>
[C# Project]   029:     <WarningLevel>4</WarningLevel>
[C# Project]   030:     <NoWarn>0169</NoWarn>
[C# Project]   031:     <AllowUnsafeBlocks>True</AllowUnsafeBlocks>
[C# Project] Writing /Users/zoezhang/Desktop/leapmotion/LeapMotion.LeapCSharp.csproj because it has changed
[C# Project] First difference on line 314

[C# Project] Current /Users/zoezhang/Desktop/leapmotion/LeapMotion.LeapCSharp.csproj:
[C# Project]   314:  <Reference Include="UnityEditor.Android.Extensions">
[C# Project]   315:  <HintPath>/Applications/Unity/Hub/Editor/2020.3.45f1/PlaybackEngines/AndroidPlayer/UnityEditor.Android.Extensions.dll</HintPath>
[C# Project]   316:  </Reference>
[C# Project]   317:  <Reference Include="UnityEditor.iOS.Extensions">
[C# Project]   318:  <HintPath>/Applications/Unity/Hub/Editor/2020.3.45f1/PlaybackEngines/iOSSupport/UnityEditor.iOS.Extensions.dll</HintPath>

[C# Project] New /Users/zoezhang/Desktop/leapmotion/LeapMotion.LeapCSharp.csproj:
[C# Project]   314:  <Reference Include="UnityEditor.WindowsStandalone.Extensions">
[C# Project]   315:  <HintPath>/Applications/Unity/Hub/Editor/2020.3.45f1/PlaybackEngines/WindowsStandaloneSupport/UnityEditor.WindowsStandalone.Extensions.dll</HintPath>
[C# Project]   316:  </Reference>
[C# Project]   317:  <Reference Include="Unity.Plastic.Newtonsoft.Json">
[C# Project]   318:  <HintPath>/Users/zoezhang/Desktop/leapmotion/Library/PackageCache/com.unity.collab-proxy@1.15.15/Lib/Editor/PlasticSCM/Unity.Plastic.Newtonsoft.Json.dll</HintPath>
[C# Project] Writing /Users/zoezhang/Desktop/leapmotion/Ultraleap.Tracking.Hands.csproj because it has changed
[C# Project] First difference on line 293

[C# Project] Current /Users/zoezhang/Desktop/leapmotion/Ultraleap.Tracking.Hands.csproj:
[C# Project]   293:  <Reference Include="UnityEditor.Android.Extensions">
[C# Project]   294:  <HintPath>/Applications/Unity/Hub/Editor/2020.3.45f1/PlaybackEngines/AndroidPlayer/UnityEditor.Android.Extensions.dll</HintPath>
[C# Project]   295:  </Reference>
[C# Project]   296:  <Reference Include="UnityEditor.iOS.Extensions">
[C# Project]   297:  <HintPath>/Applications/Unity/Hub/Editor/2020.3.45f1/PlaybackEngines/iOSSupport/UnityEditor.iOS.Extensions.dll</HintPath>

[C# Project] New /Users/zoezhang/Desktop/leapmotion/Ultraleap.Tracking.Hands.csproj:
[C# Project]   293:  <Reference Include="UnityEditor.WindowsStandalone.Extensions">
[C# Project]   294:  <HintPath>/Applications/Unity/Hub/Editor/2020.3.45f1/PlaybackEngines/WindowsStandaloneSupport/UnityEditor.WindowsStandalone.Extensions.dll</HintPath>
[C# Project]   295:  </Reference>
[C# Project]   296:  <Reference Include="Unity.Plastic.Newtonsoft.Json">
[C# Project]   297:  <HintPath>/Users/zoezhang/Desktop/leapmotion/Library/PackageCache/com.unity.collab-proxy@1.15.15/Lib/Editor/PlasticSCM/Unity.Plastic.Newtonsoft.Json.dll</HintPath>
[C# Project] Writing /Users/zoezhang/Desktop/leapmotion/Assembly-CSharp-firstpass.csproj because it has changed
[C# Project] First difference on line 287

[C# Project] Current /Users/zoezhang/Desktop/leapmotion/Assembly-CSharp-firstpass.csproj:
[C# Project]   287:  <Reference Include="UnityEditor.iOS.Extensions.Xcode">
[C# Project]   288:  <HintPath>/Applications/Unity/Hub/Editor/2020.3.45f1/PlaybackEngines/iOSSupport/UnityEditor.iOS.Extensions.Xcode.dll</HintPath>
[C# Project]   289:  </Reference>
[C# Project]   290:  <Reference Include="UnityEditor.iOS.Extensions.Common">
[C# Project]   291:  <HintPath>/Applications/Unity/Hub/Editor/2020.3.45f1/PlaybackEngines/iOSSupport/UnityEditor.iOS.Extensions.Common.dll</HintPath>

[C# Project] New /Users/zoezhang/Desktop/leapmotion/Assembly-CSharp-firstpass.csproj:
[C# Project]   287:  <Reference Include="netstandard">
[C# Project]   288:  <HintPath>/Applications/Unity/Hub/Editor/2020.3.45f1/Unity.app/Contents/NetStandard/ref/2.0.0/netstandard.dll</HintPath>
[C# Project]   289:  </Reference>
[C# Project]   290:  <Reference Include="Microsoft.Win32.Primitives">
[C# Project]   291:  <HintPath>/Applications/Unity/Hub/Editor/2020.3.45f1/Unity.app/Contents/NetStandard/compat/2.0.0/shims/netstandard/Microsoft.Win32.Primitives.dll</HintPath>
[C# Project] Writing /Users/zoezhang/Desktop/leapmotion/Ultraleap.Tracking.Core.Editor.csproj because it has changed
[C# Project] First difference on line 302

[C# Project] Current /Users/zoezhang/Desktop/leapmotion/Ultraleap.Tracking.Core.Editor.csproj:
[C# Project]   302:  <Reference Include="UnityEditor.Android.Extensions">
[C# Project]   303:  <HintPath>/Applications/Unity/Hub/Editor/2020.3.45f1/PlaybackEngines/AndroidPlayer/UnityEditor.Android.Extensions.dll</HintPath>
[C# Project]   304:  </Reference>
[C# Project]   305:  <Reference Include="UnityEditor.iOS.Extensions">
[C# Project]   306:  <HintPath>/Applications/Unity/Hub/Editor/2020.3.45f1/PlaybackEngines/iOSSupport/UnityEditor.iOS.Extensions.dll</HintPath>

[C# Project] New /Users/zoezhang/Desktop/leapmotion/Ultraleap.Tracking.Core.Editor.csproj:
[C# Project]   302:  <Reference Include="UnityEditor.WindowsStandalone.Extensions">
[C# Project]   303:  <HintPath>/Applications/Unity/Hub/Editor/2020.3.45f1/PlaybackEngines/WindowsStandaloneSupport/UnityEditor.WindowsStandalone.Extensions.dll</HintPath>
[C# Project]   304:  </Reference>
[C# Project]   305:  <Reference Include="Unity.Plastic.Newtonsoft.Json">
[C# Project]   306:  <HintPath>/Users/zoezhang/Desktop/leapmotion/Library/PackageCache/com.unity.collab-proxy@1.15.15/Lib/Editor/PlasticSCM/Unity.Plastic.Newtonsoft.Json.dll</HintPath>
[C# Project] Writing /Users/zoezhang/Desktop/leapmotion/Ultraleap.Tracking.Core.Editor.Tests.csproj because it has changed
[C# Project] First difference on line 300

[C# Project] Current /Users/zoezhang/Desktop/leapmotion/Ultraleap.Tracking.Core.Editor.Tests.csproj:
[C# Project]   300:  <Reference Include="UnityEditor.Android.Extensions">
[C# Project]   301:  <HintPath>/Applications/Unity/Hub/Editor/2020.3.45f1/PlaybackEngines/AndroidPlayer/UnityEditor.Android.Extensions.dll</HintPath>
[C# Project]   302:  </Reference>
[C# Project]   303:  <Reference Include="UnityEditor.iOS.Extensions">
[C# Project]   304:  <HintPath>/Applications/Unity/Hub/Editor/2020.3.45f1/PlaybackEngines/iOSSupport/UnityEditor.iOS.Extensions.dll</HintPath>

[C# Project] New /Users/zoezhang/Desktop/leapmotion/Ultraleap.Tracking.Core.Editor.Tests.csproj:
[C# Project]   300:  <Reference Include="UnityEditor.WindowsStandalone.Extensions">
[C# Project]   301:  <HintPath>/Applications/Unity/Hub/Editor/2020.3.45f1/PlaybackEngines/WindowsStandaloneSupport/UnityEditor.WindowsStandalone.Extensions.dll</HintPath>
[C# Project]   302:  </Reference>
[C# Project]   303:  <Reference Include="nunit.framework">
[C# Project]   304:  <HintPath>/Users/zoezhang/Desktop/leapmotion/Library/PackageCache/com.unity.ext.nunit@1.0.6/net35/unity-custom/nunit.framework.dll</HintPath>
[C# Project] Writing /Users/zoezhang/Desktop/leapmotion/Ultraleap.Tracking.InteractionEngine.Editor.csproj because it has changed
[C# Project] First difference on line 296

[C# Project] Current /Users/zoezhang/Desktop/leapmotion/Ultraleap.Tracking.InteractionEngine.Editor.csproj:
[C# Project]   296:  <Reference Include="UnityEditor.Android.Extensions">
[C# Project]   297:  <HintPath>/Applications/Unity/Hub/Editor/2020.3.45f1/PlaybackEngines/AndroidPlayer/UnityEditor.Android.Extensions.dll</HintPath>
[C# Project]   298:  </Reference>
[C# Project]   299:  <Reference Include="UnityEditor.iOS.Extensions">
[C# Project]   300:  <HintPath>/Applications/Unity/Hub/Editor/2020.3.45f1/PlaybackEngines/iOSSupport/UnityEditor.iOS.Extensions.dll</HintPath>

[C# Project] New /Users/zoezhang/Desktop/leapmotion/Ultraleap.Tracking.InteractionEngine.Editor.csproj:
[C# Project]   296:  <Reference Include="UnityEditor.WindowsStandalone.Extensions">
[C# Project]   297:  <HintPath>/Applications/Unity/Hub/Editor/2020.3.45f1/PlaybackEngines/WindowsStandaloneSupport/UnityEditor.WindowsStandalone.Extensions.dll</HintPath>
[C# Project]   298:  </Reference>
[C# Project]   299:  <Reference Include="Unity.Plastic.Newtonsoft.Json">
[C# Project]   300:  <HintPath>/Users/zoezhang/Desktop/leapmotion/Library/PackageCache/com.unity.collab-proxy@1.15.15/Lib/Editor/PlasticSCM/Unity.Plastic.Newtonsoft.Json.dll</HintPath>
[C# Project] Writing /Users/zoezhang/Desktop/leapmotion/Assembly-CSharp-Editor.csproj because it has changed
[C# Project] First difference on line 285

[C# Project] Current /Users/zoezhang/Desktop/leapmotion/Assembly-CSharp-Editor.csproj:
[C# Project]   285:  <Reference Include="UnityEditor.Android.Extensions">
[C# Project]   286:  <HintPath>/Applications/Unity/Hub/Editor/2020.3.45f1/PlaybackEngines/AndroidPlayer/UnityEditor.Android.Extensions.dll</HintPath>
[C# Project]   287:  </Reference>
[C# Project]   288:  <Reference Include="UnityEditor.iOS.Extensions">
[C# Project]   289:  <HintPath>/Applications/Unity/Hub/Editor/2020.3.45f1/PlaybackEngines/iOSSupport/UnityEditor.iOS.Extensions.dll</HintPath>

[C# Project] New /Users/zoezhang/Desktop/leapmotion/Assembly-CSharp-Editor.csproj:
[C# Project]   285:  <Reference Include="UnityEditor.WindowsStandalone.Extensions">
[C# Project]   286:  <HintPath>/Applications/Unity/Hub/Editor/2020.3.45f1/PlaybackEngines/WindowsStandaloneSupport/UnityEditor.WindowsStandalone.Extensions.dll</HintPath>
[C# Project]   287:  </Reference>
[C# Project]   288:  <Reference Include="Unity.Plastic.Newtonsoft.Json">
[C# Project]   289:  <HintPath>/Users/zoezhang/Desktop/leapmotion/Library/PackageCache/com.unity.collab-proxy@1.15.15/Lib/Editor/PlasticSCM/Unity.Plastic.Newtonsoft.Json.dll</HintPath>
[C# Project] Writing /Users/zoezhang/Desktop/leapmotion/Ultraleap.Tracking.Hands.Editor.csproj because it has changed
[C# Project] First difference on line 287

[C# Project] Current /Users/zoezhang/Desktop/leapmotion/Ultraleap.Tracking.Hands.Editor.csproj:
[C# Project]   287:  <Reference Include="UnityEditor.Android.Extensions">
[C# Project]   288:  <HintPath>/Applications/Unity/Hub/Editor/2020.3.45f1/PlaybackEngines/AndroidPlayer/UnityEditor.Android.Extensions.dll</HintPath>
[C# Project]   289:  </Reference>
[C# Project]   290:  <Reference Include="UnityEditor.iOS.Extensions">
[C# Project]   291:  <HintPath>/Applications/Unity/Hub/Editor/2020.3.45f1/PlaybackEngines/iOSSupport/UnityEditor.iOS.Extensions.dll</HintPath>

[C# Project] New /Users/zoezhang/Desktop/leapmotion/Ultraleap.Tracking.Hands.Editor.csproj:
[C# Project]   287:  <Reference Include="UnityEditor.WindowsStandalone.Extensions">
[C# Project]   288:  <HintPath>/Applications/Unity/Hub/Editor/2020.3.45f1/PlaybackEngines/WindowsStandaloneSupport/UnityEditor.WindowsStandalone.Extensions.dll</HintPath>
[C# Project]   289:  </Reference>
[C# Project]   290:  <Reference Include="Unity.Plastic.Newtonsoft.Json">
[C# Project]   291:  <HintPath>/Users/zoezhang/Desktop/leapmotion/Library/PackageCache/com.unity.collab-proxy@1.15.15/Lib/Editor/PlasticSCM/Unity.Plastic.Newtonsoft.Json.dll</HintPath>
2023-03-15 01:01:49.756 Unity[57279:3886532] NSEventModifierFlagFunction specified to -setKeyEquivalentModifierMask: for item <NSMenuItem: 0x7fabdf9fd6c0 Font Asset, ke='Command-F12'>, but is only supported for system-provided menu items; will not be used
2023-03-15 01:01:49.760 Unity[57279:3886532] NSEventModifierFlagFunction specified to -setKeyEquivalentModifierMask: for item <NSMenuItem: 0x7fabdfa4a690 Font Asset, ke='Command-F12'>, but is only supported for system-provided menu items; will not be used
========================================================================
Worker process is ready to serve import requests
Refreshing native plugins compatible for Editor in 0.27 ms, found 3 plugins.
Preloading 0 native plugins for Editor in 0.00 ms.
Unloading 2051 Unused Serialized files (Serialized files now loaded: 0)
System memory in use before: 104.0 MB.
System memory in use after: 103.3 MB.

Unloading 179 unused Assets to reduce memory usage. Loaded Objects now: 2530.
Total: 2.795250 ms (FindLiveObjects: 0.142583 ms CreateObjectMapping: 0.049667 ms MarkObjects: 2.243125 ms  DeleteObjects: 0.359250 ms)

AssetImportParameters requested are different than current active one (requested -> active):
  custom:video-decoder-ogg-theora: a1e56fd34408186e4bbccfd4996cb3dc -> 
  custom:container-muxer-webm: aa71ff27fc2769a1b78a27578f13a17b -> 
  custom:container-demuxer-webm: 4f35f7cbe854078d1ac9338744f61a02 -> 
  custom:container-demuxer-ogg: 62fdf1f143b41e24485cea50d1cbac27 -> 
  custom:video-encoder-webm-vp8: eb34c28f22e8b96e1ab97ce403110664 -> 
  custom:framework-osx-AVFoundation: e770b220cccbd017edd2c1fefb359320 -> 
  custom:video-decoder-webm-vp8: 9c59270c3fd7afecdb556c50c9e8de78 -> 
  custom:audio-decoder-ogg-vorbis: bf7c407c2cedff20999df2af8eb42d56 -> 
  custom:audio-encoder-webm-vorbis: bf7c407c2cedff20999df2af8eb42d56 -> 
========================================================================
Received Import Request.
  path: Assets/Scripts/CheckHand.cs
  artifactKey: Guid(aa693c2e270c2fe41b60901a3c6ca036) Importer(815301076,1909f56bfc062723c751e8b465ee728b)
Start importing Assets/Scripts/CheckHand.cs using Guid(aa693c2e270c2fe41b60901a3c6ca036) Importer(815301076,1909f56bfc062723c751e8b465ee728b)  -> (artifact id: '66ecb99960b39bb386e5e524b1f30a92') in 0.153841 seconds 
========================================================================
Received Import Request.
  Time since last request: 0.000291 seconds.
  path: Assets/Scripts/RotationController.cs
  artifactKey: Guid(3095c61ac086cd54098ecd79723d7909) Importer(815301076,1909f56bfc062723c751e8b465ee728b)
Start importing Assets/Scripts/RotationController.cs using Guid(3095c61ac086cd54098ecd79723d7909) Importer(815301076,1909f56bfc062723c751e8b465ee728b)  -> (artifact id: 'fd20fb6f37b6daa92187647259b38f26') in 0.001236 seconds 
========================================================================
Received Import Request.
  Time since last request: 6.852074 seconds.
  path: Assets/Scripts/AnimationController.cs
  artifactKey: Guid(050d0bc8a7d2e474eb90d375ea678eb0) Importer(815301076,1909f56bfc062723c751e8b465ee728b)
Start importing Assets/Scripts/AnimationController.cs using Guid(050d0bc8a7d2e474eb90d375ea678eb0) Importer(815301076,1909f56bfc062723c751e8b465ee728b)  -> (artifact id: 'e475f68962d6e74c94a46765b731c0b4') in 0.001300 seconds 
========================================================================
Received Import Request.
  Time since last request: 2.474999 seconds.
  path: Assets/Scripts/ObjRotationInvoker.cs
  artifactKey: Guid(7456157efb935ce498dedc1512f57f43) Importer(815301076,1909f56bfc062723c751e8b465ee728b)
Start importing Assets/Scripts/ObjRotationInvoker.cs using Guid(7456157efb935ce498dedc1512f57f43) Importer(815301076,1909f56bfc062723c751e8b465ee728b)  -> (artifact id: '4771e708e958fc8e5a2f89d032da4611') in 0.003671 seconds 
========================================================================
Received Import Request.
  Time since last request: 6.629642 seconds.
  path: Assets/Scripts/ScaleController.cs
  artifactKey: Guid(2dbace0fc29227f498613de8b3b028db) Importer(815301076,1909f56bfc062723c751e8b465ee728b)
Start importing Assets/Scripts/ScaleController.cs using Guid(2dbace0fc29227f498613de8b3b028db) Importer(815301076,1909f56bfc062723c751e8b465ee728b)  -> (artifact id: 'ca2ca7039cc44773df8357f93b784b07') in 0.001296 seconds 
========================================================================
Received Import Request.
  Time since last request: 2.900066 seconds.
  path: Assets/Scripts/UI.cs
  artifactKey: Guid(b0bc36fa6700e394a86f8b2fb5c82dd3) Importer(815301076,1909f56bfc062723c751e8b465ee728b)
Start importing Assets/Scripts/UI.cs using Guid(b0bc36fa6700e394a86f8b2fb5c82dd3) Importer(815301076,1909f56bfc062723c751e8b465ee728b)  -> (artifact id: '804a24626d93e0607d96a8c60d5b70aa') in 0.001296 seconds 
========================================================================
Received Import Request.
  Time since last request: 2.203794 seconds.
  path: Assets/Scripts/UIEvent.cs
  artifactKey: Guid(f045d1a45c85bd6429e0b83c17552d4b) Importer(815301076,1909f56bfc062723c751e8b465ee728b)
Start importing Assets/Scripts/UIEvent.cs using Guid(f045d1a45c85bd6429e0b83c17552d4b) Importer(815301076,1909f56bfc062723c751e8b465ee728b)  -> (artifact id: '7aded9d4bc3c5b955fec756ee86576cb') in 0.001132 seconds 
========================================================================
Received Import Request.
  Time since last request: 2.442092 seconds.
  path: Assets/Scripts/UIInteractiveLogic.cs
  artifactKey: Guid(0ae8961685bc5f447897aff3b0f61063) Importer(815301076,1909f56bfc062723c751e8b465ee728b)
Start importing Assets/Scripts/UIInteractiveLogic.cs using Guid(0ae8961685bc5f447897aff3b0f61063) Importer(815301076,1909f56bfc062723c751e8b465ee728b)  -> (artifact id: 'a5852dbdc79e2b13e54938d32efc5bd8') in 0.001065 seconds 
